[12:13:13.332] Global cache location '/Users/rubber/Library/Caches/typescript/4.7', safe file path '/opt/homebrew/lib/node_modules/typescript/lib/typingsafelist.json', types map path /opt/homebrew/lib/node_modules/typescript/lib/typesmap.json
[12:13:13.333] Processing cache location '/Users/rubber/Library/Caches/typescript/4.7'
[12:13:13.333] Trying to find '/Users/rubber/Library/Caches/typescript/4.7/package.json'...
[12:13:13.333] Finished processing cache location '/Users/rubber/Library/Caches/typescript/4.7'
[12:13:13.333] Process id: 13478
[12:13:13.333] NPM location: /opt/homebrew/Cellar/node/18.0.0/bin/npm (explicit '--npmLocation' not  provided)
[12:13:13.333] validateDefaultNpmLocation: false
[12:13:13.334] Npm config file: /Users/rubber/Library/Caches/typescript/4.7/package.json
[12:13:13.334] Updating types-registry npm package...
[12:13:13.334] Exec: /opt/homebrew/Cellar/node/18.0.0/bin/npm install --ignore-scripts types-registry@latest
[12:13:13.365]     Failed. stdout:
    stderr:
    /bin/sh: /opt/homebrew/Cellar/node/18.0.0/bin/npm: No such file or directory
    
[12:13:13.365] Updated types-registry npm package
[12:13:13.365] Types registry file '/Users/rubber/Library/Caches/typescript/4.7/node_modules/types-registry/index.json' does not exist
[12:13:14.256] Got install request {"projectName":"/dev/null/inferredProject1*","fileNames":["/opt/homebrew/lib/node_modules/typescript/lib/lib.es5.d.ts","/opt/homebrew/lib/node_modules/typescript/lib/lib.es2015.d.ts","/opt/homebrew/lib/node_modules/typescript/lib/lib.es2016.d.ts","/opt/homebrew/lib/node_modules/typescript/lib/lib.dom.d.ts","/opt/homebrew/lib/node_modules/typescript/lib/lib.dom.iterable.d.ts","/opt/homebrew/lib/node_modules/typescript/lib/lib.webworker.importscripts.d.ts","/opt/homebrew/lib/node_modules/typescript/lib/lib.scripthost.d.ts","/opt/homebrew/lib/node_modules/typescript/lib/lib.es2015.core.d.ts","/opt/homebrew/lib/node_modules/typescript/lib/lib.es2015.collection.d.ts","/opt/homebrew/lib/node_modules/typescript/lib/lib.es2015.generator.d.ts","/opt/homebrew/lib/node_modules/typescript/lib/lib.es2015.iterable.d.ts","/opt/homebrew/lib/node_modules/typescript/lib/lib.es2015.promise.d.ts","/opt/homebrew/lib/node_modules/typescript/lib/lib.es2015.proxy.d.ts","/opt/homebrew/lib/node_modules/typescript/lib/lib.es2015.reflect.d.ts","/opt/homebrew/lib/node_modules/typescript/lib/lib.es2015.symbol.d.ts","/opt/homebrew/lib/node_modules/typescript/lib/lib.es2015.symbol.wellknown.d.ts","/opt/homebrew/lib/node_modules/typescript/lib/lib.es2016.array.include.d.ts","/opt/homebrew/lib/node_modules/typescript/lib/lib.es2016.full.d.ts","/Users/rubber/Documents/project-aseop/aesop-project/App.js"],"compilerOptions":{"module":1,"target":3,"jsx":1,"allowJs":true,"allowSyntheticDefaultImports":true,"allowNonTsExtensions":true,"noEmitForJsFiles":true,"maxNodeModuleJsDepth":2},"typeAcquisition":{"enable":true,"include":[],"exclude":[]},"unresolvedImports":["deprecated-react-native-prop-types","invariant","object-assign","react","react-native","use-subscription"],"projectRootPath":"/Users/rubber/Documents/project-aseop/aesop-project","kind":"discover"}
[12:13:14.266] Loaded safelist from types map file '/opt/homebrew/lib/node_modules/typescript/lib/typesmap.json'
[12:13:14.266] Explicitly included types: []
[12:13:14.267] Typing names in '/Users/rubber/Documents/project-aseop/aesop-project/package.json' dependencies: ["expo","expo-splash-screen","expo-status-bar","react","react-dom","react-native","react-native-web","@babel/core"]
[12:13:14.267] Searching for typing names in /Users/rubber/Documents/project-aseop/aesop-project/node_modules; all files: ["/Users/rubber/Documents/project-aseop/aesop-project/node_modules/expo/package.json","/Users/rubber/Documents/project-aseop/aesop-project/node_modules/expo-splash-screen/package.json","/Users/rubber/Documents/project-aseop/aesop-project/node_modules/expo-status-bar/package.json","/Users/rubber/Documents/project-aseop/aesop-project/node_modules/react/package.json","/Users/rubber/Documents/project-aseop/aesop-project/node_modules/react-dom/package.json","/Users/rubber/Documents/project-aseop/aesop-project/node_modules/react-native/package.json","/Users/rubber/Documents/project-aseop/aesop-project/node_modules/react-native-web/package.json","/Users/rubber/Documents/project-aseop/aesop-project/node_modules/@babel/core/package.json"]
[12:13:14.268]     Package 'expo' provides its own types.
[12:13:14.268]     Package 'expo-splash-screen' provides its own types.
[12:13:14.269]     Package 'expo-status-bar' provides its own types.
[12:13:14.272]     Found package names: ["react","react-dom","react-native","react-native-web","@babel/core"]
[12:13:14.273] Inferred typings from unresolved imports: ["deprecated-react-native-prop-types","invariant","object-assign","react","react-native","use-subscription"]
[12:13:14.273] Result: {"cachedTypingPaths":["/Users/rubber/Documents/project-aseop/aesop-project/node_modules/expo/build/Expo.d.ts","/Users/rubber/Documents/project-aseop/aesop-project/node_modules/expo-splash-screen/build/index.d.ts","/Users/rubber/Documents/project-aseop/aesop-project/node_modules/expo-status-bar/build/StatusBar.d.ts"],"newTypingNames":["react","react-dom","react-native","react-native-web","@babel/core","deprecated-react-native-prop-types","invariant","object-assign","use-subscription"],"filesToWatch":["/Users/rubber/Documents/project-aseop/aesop-project/bower_components","/Users/rubber/Documents/project-aseop/aesop-project/package.json","/Users/rubber/Documents/project-aseop/aesop-project/node_modules"]}
[12:13:14.273] Finished typings discovery: {"cachedTypingPaths":["/Users/rubber/Documents/project-aseop/aesop-project/node_modules/expo/build/Expo.d.ts","/Users/rubber/Documents/project-aseop/aesop-project/node_modules/expo-splash-screen/build/index.d.ts","/Users/rubber/Documents/project-aseop/aesop-project/node_modules/expo-status-bar/build/StatusBar.d.ts"],"newTypingNames":["react","react-dom","react-native","react-native-web","@babel/core","deprecated-react-native-prop-types","invariant","object-assign","use-subscription"],"filesToWatch":["/Users/rubber/Documents/project-aseop/aesop-project/bower_components","/Users/rubber/Documents/project-aseop/aesop-project/package.json","/Users/rubber/Documents/project-aseop/aesop-project/node_modules"]}
[12:13:14.273] DirectoryWatcher:: Added:: WatchInfo: /Users/rubber/Documents/project-aseop/aesop-project/bower_components
[12:13:14.273] DirectoryWatcher:: Added:: WatchInfo: /Users/rubber/Documents/project-aseop/aesop-project/bower_components 1 undefined Project: /dev/null/inferredProject1* watcher already invoked: false
[12:13:14.274] Elapsed:: 0.5188749991357327ms DirectoryWatcher:: Added:: WatchInfo: /Users/rubber/Documents/project-aseop/aesop-project/bower_components 1 undefined Project: /dev/null/inferredProject1* watcher already invoked: false
[12:13:14.274] FileWatcher:: Added:: WatchInfo: /Users/rubber/Documents/project-aseop/aesop-project/package.json
[12:13:14.274] FileWatcher:: Added:: WatchInfo: /Users/rubber/Documents/project-aseop/aesop-project/package.json 2000 undefined Project: /dev/null/inferredProject1* watcher already invoked: false
[12:13:14.274] DirectoryWatcher:: Added:: WatchInfo: /Users/rubber/Documents/project-aseop/aesop-project/node_modules
[12:13:14.274] DirectoryWatcher:: Added:: WatchInfo: /Users/rubber/Documents/project-aseop/aesop-project/node_modules 1 undefined Project: /dev/null/inferredProject1* watcher already invoked: false
[12:13:14.276] Elapsed:: 1.6835409998893738ms DirectoryWatcher:: Added:: WatchInfo: /Users/rubber/Documents/project-aseop/aesop-project/node_modules 1 undefined Project: /dev/null/inferredProject1* watcher already invoked: false
[12:13:14.276] Installing typings ["react","react-dom","react-native","react-native-web","@babel/core","deprecated-react-native-prop-types","invariant","object-assign","use-subscription"]
[12:13:14.276] 'react':: Entry for package 'react' does not exist in local types registry - skipping...
[12:13:14.277] 'react-dom':: Entry for package 'react-dom' does not exist in local types registry - skipping...
[12:13:14.277] 'react-native':: Entry for package 'react-native' does not exist in local types registry - skipping...
[12:13:14.277] 'react-native-web':: Entry for package 'react-native-web' does not exist in local types registry - skipping...
[12:13:14.277] '@babel/core':: Entry for package 'babel__core' does not exist in local types registry - skipping...
[12:13:14.277] 'deprecated-react-native-prop-types':: Entry for package 'deprecated-react-native-prop-types' does not exist in local types registry - skipping...
[12:13:14.277] 'invariant':: Entry for package 'invariant' does not exist in local types registry - skipping...
[12:13:14.277] 'object-assign':: Entry for package 'object-assign' does not exist in local types registry - skipping...
[12:13:14.277] 'use-subscription':: Entry for package 'use-subscription' does not exist in local types registry - skipping...
[12:13:14.277] All typings are known to be missing or invalid - no need to install more typings
[12:13:14.277] Sending response:
    {"projectName":"/dev/null/inferredProject1*","typeAcquisition":{"enable":true,"include":[],"exclude":[]},"compilerOptions":{"module":1,"target":3,"jsx":1,"allowJs":true,"allowSyntheticDefaultImports":true,"allowNonTsExtensions":true,"noEmitForJsFiles":true,"maxNodeModuleJsDepth":2},"typings":["/Users/rubber/Documents/project-aseop/aesop-project/node_modules/expo/build/Expo.d.ts","/Users/rubber/Documents/project-aseop/aesop-project/node_modules/expo-splash-screen/build/index.d.ts","/Users/rubber/Documents/project-aseop/aesop-project/node_modules/expo-status-bar/build/StatusBar.d.ts"],"unresolvedImports":["deprecated-react-native-prop-types","invariant","object-assign","react","react-native","use-subscription"],"kind":"action::set"}
[12:13:14.277] Response has been sent.
[12:13:14.445] Got install request {"projectName":"/dev/null/inferredProject1*","fileNames":["/opt/homebrew/lib/node_modules/typescript/lib/lib.es5.d.ts","/opt/homebrew/lib/node_modules/typescript/lib/lib.es2015.d.ts","/opt/homebrew/lib/node_modules/typescript/lib/lib.es2016.d.ts","/opt/homebrew/lib/node_modules/typescript/lib/lib.dom.d.ts","/opt/homebrew/lib/node_modules/typescript/lib/lib.dom.iterable.d.ts","/opt/homebrew/lib/node_modules/typescript/lib/lib.webworker.importscripts.d.ts","/opt/homebrew/lib/node_modules/typescript/lib/lib.scripthost.d.ts","/opt/homebrew/lib/node_modules/typescript/lib/lib.es2015.core.d.ts","/opt/homebrew/lib/node_modules/typescript/lib/lib.es2015.collection.d.ts","/opt/homebrew/lib/node_modules/typescript/lib/lib.es2015.generator.d.ts","/opt/homebrew/lib/node_modules/typescript/lib/lib.es2015.iterable.d.ts","/opt/homebrew/lib/node_modules/typescript/lib/lib.es2015.promise.d.ts","/opt/homebrew/lib/node_modules/typescript/lib/lib.es2015.proxy.d.ts","/opt/homebrew/lib/node_modules/typescript/lib/lib.es2015.reflect.d.ts","/opt/homebrew/lib/node_modules/typescript/lib/lib.es2015.symbol.d.ts","/opt/homebrew/lib/node_modules/typescript/lib/lib.es2015.symbol.wellknown.d.ts","/opt/homebrew/lib/node_modules/typescript/lib/lib.es2016.array.include.d.ts","/opt/homebrew/lib/node_modules/typescript/lib/lib.es2016.full.d.ts","/Users/rubber/Documents/project-aseop/aesop-project/node_modules/expo-status-bar/build/StatusBar.d.ts","/Users/rubber/Documents/project-aseop/aesop-project/App.js","/Users/rubber/Documents/project-aseop/aesop-project/node_modules/expo-splash-screen/build/index.d.ts","/Users/rubber/Documents/project-aseop/aesop-project/node_modules/expo/build/Expo.d.ts"],"compilerOptions":{"module":1,"target":3,"jsx":1,"allowJs":true,"allowSyntheticDefaultImports":true,"allowNonTsExtensions":true,"noEmitForJsFiles":true,"maxNodeModuleJsDepth":2},"typeAcquisition":{"enable":true,"include":[],"exclude":[]},"unresolvedImports":["deprecated-react-native-prop-types","invariant","object-assign","react","react-native","use-subscription"],"projectRootPath":"/Users/rubber/Documents/project-aseop/aesop-project","kind":"discover"}
[12:13:14.445] Explicitly included types: []
[12:13:14.446] Typing names in '/Users/rubber/Documents/project-aseop/aesop-project/package.json' dependencies: ["expo","expo-splash-screen","expo-status-bar","react","react-dom","react-native","react-native-web","@babel/core"]
[12:13:14.446] Searching for typing names in /Users/rubber/Documents/project-aseop/aesop-project/node_modules; all files: ["/Users/rubber/Documents/project-aseop/aesop-project/node_modules/expo/package.json","/Users/rubber/Documents/project-aseop/aesop-project/node_modules/expo-splash-screen/package.json","/Users/rubber/Documents/project-aseop/aesop-project/node_modules/expo-status-bar/package.json","/Users/rubber/Documents/project-aseop/aesop-project/node_modules/react/package.json","/Users/rubber/Documents/project-aseop/aesop-project/node_modules/react-dom/package.json","/Users/rubber/Documents/project-aseop/aesop-project/node_modules/react-native/package.json","/Users/rubber/Documents/project-aseop/aesop-project/node_modules/react-native-web/package.json","/Users/rubber/Documents/project-aseop/aesop-project/node_modules/@babel/core/package.json"]
[12:13:14.447]     Package 'expo' provides its own types.
[12:13:14.448]     Package 'expo-splash-screen' provides its own types.
[12:13:14.448]     Package 'expo-status-bar' provides its own types.
[12:13:14.450]     Found package names: ["react","react-dom","react-native","react-native-web","@babel/core"]
[12:13:14.450] Inferred typings from unresolved imports: ["deprecated-react-native-prop-types","invariant","object-assign","react","react-native","use-subscription"]
[12:13:14.450] Result: {"cachedTypingPaths":["/Users/rubber/Documents/project-aseop/aesop-project/node_modules/expo/build/Expo.d.ts","/Users/rubber/Documents/project-aseop/aesop-project/node_modules/expo-splash-screen/build/index.d.ts","/Users/rubber/Documents/project-aseop/aesop-project/node_modules/expo-status-bar/build/StatusBar.d.ts"],"newTypingNames":["react","react-dom","react-native","react-native-web","@babel/core","deprecated-react-native-prop-types","invariant","object-assign","use-subscription"],"filesToWatch":["/Users/rubber/Documents/project-aseop/aesop-project/bower_components","/Users/rubber/Documents/project-aseop/aesop-project/package.json","/Users/rubber/Documents/project-aseop/aesop-project/node_modules"]}
[12:13:14.450] Finished typings discovery: {"cachedTypingPaths":["/Users/rubber/Documents/project-aseop/aesop-project/node_modules/expo/build/Expo.d.ts","/Users/rubber/Documents/project-aseop/aesop-project/node_modules/expo-splash-screen/build/index.d.ts","/Users/rubber/Documents/project-aseop/aesop-project/node_modules/expo-status-bar/build/StatusBar.d.ts"],"newTypingNames":["react","react-dom","react-native","react-native-web","@babel/core","deprecated-react-native-prop-types","invariant","object-assign","use-subscription"],"filesToWatch":["/Users/rubber/Documents/project-aseop/aesop-project/bower_components","/Users/rubber/Documents/project-aseop/aesop-project/package.json","/Users/rubber/Documents/project-aseop/aesop-project/node_modules"]}
[12:13:14.451] Installing typings ["react","react-dom","react-native","react-native-web","@babel/core","deprecated-react-native-prop-types","invariant","object-assign","use-subscription"]
[12:13:14.451] 'react':: Entry for package 'react' does not exist in local types registry - skipping...
[12:13:14.451] 'react-dom':: Entry for package 'react-dom' does not exist in local types registry - skipping...
[12:13:14.451] 'react-native':: Entry for package 'react-native' does not exist in local types registry - skipping...
[12:13:14.451] 'react-native-web':: Entry for package 'react-native-web' does not exist in local types registry - skipping...
[12:13:14.451] '@babel/core':: Entry for package 'babel__core' does not exist in local types registry - skipping...
[12:13:14.451] 'deprecated-react-native-prop-types':: Entry for package 'deprecated-react-native-prop-types' does not exist in local types registry - skipping...
[12:13:14.451] 'invariant':: Entry for package 'invariant' does not exist in local types registry - skipping...
[12:13:14.451] 'object-assign':: Entry for package 'object-assign' does not exist in local types registry - skipping...
[12:13:14.451] 'use-subscription':: Entry for package 'use-subscription' does not exist in local types registry - skipping...
[12:13:14.451] All typings are known to be missing or invalid - no need to install more typings
[12:13:14.451] Sending response:
    {"projectName":"/dev/null/inferredProject1*","typeAcquisition":{"enable":true,"include":[],"exclude":[]},"compilerOptions":{"module":1,"target":3,"jsx":1,"allowJs":true,"allowSyntheticDefaultImports":true,"allowNonTsExtensions":true,"noEmitForJsFiles":true,"maxNodeModuleJsDepth":2},"typings":["/Users/rubber/Documents/project-aseop/aesop-project/node_modules/expo/build/Expo.d.ts","/Users/rubber/Documents/project-aseop/aesop-project/node_modules/expo-splash-screen/build/index.d.ts","/Users/rubber/Documents/project-aseop/aesop-project/node_modules/expo-status-bar/build/StatusBar.d.ts"],"unresolvedImports":["deprecated-react-native-prop-types","invariant","object-assign","react","react-native","use-subscription"],"kind":"action::set"}
[12:13:14.451] Response has been sent.
[12:15:11.626] Got install request {"projectName":"/dev/null/inferredProject1*","fileNames":["/opt/homebrew/lib/node_modules/typescript/lib/lib.es5.d.ts","/opt/homebrew/lib/node_modules/typescript/lib/lib.es2015.d.ts","/opt/homebrew/lib/node_modules/typescript/lib/lib.es2016.d.ts","/opt/homebrew/lib/node_modules/typescript/lib/lib.dom.d.ts","/opt/homebrew/lib/node_modules/typescript/lib/lib.dom.iterable.d.ts","/opt/homebrew/lib/node_modules/typescript/lib/lib.webworker.importscripts.d.ts","/opt/homebrew/lib/node_modules/typescript/lib/lib.scripthost.d.ts","/opt/homebrew/lib/node_modules/typescript/lib/lib.es2015.core.d.ts","/opt/homebrew/lib/node_modules/typescript/lib/lib.es2015.collection.d.ts","/opt/homebrew/lib/node_modules/typescript/lib/lib.es2015.generator.d.ts","/opt/homebrew/lib/node_modules/typescript/lib/lib.es2015.iterable.d.ts","/opt/homebrew/lib/node_modules/typescript/lib/lib.es2015.promise.d.ts","/opt/homebrew/lib/node_modules/typescript/lib/lib.es2015.proxy.d.ts","/opt/homebrew/lib/node_modules/typescript/lib/lib.es2015.reflect.d.ts","/opt/homebrew/lib/node_modules/typescript/lib/lib.es2015.symbol.d.ts","/opt/homebrew/lib/node_modules/typescript/lib/lib.es2015.symbol.wellknown.d.ts","/opt/homebrew/lib/node_modules/typescript/lib/lib.es2016.array.include.d.ts","/opt/homebrew/lib/node_modules/typescript/lib/lib.es2016.full.d.ts","/Users/rubber/Documents/project-aseop/aesop-project/node_modules/expo-status-bar/build/StatusBar.d.ts","/Users/rubber/Documents/project-aseop/aesop-project/App.js","/Users/rubber/Documents/project-aseop/aesop-project/node_modules/expo-splash-screen/build/index.d.ts","/Users/rubber/Documents/project-aseop/aesop-project/node_modules/expo/build/Expo.d.ts"],"compilerOptions":{"module":1,"target":3,"jsx":1,"allowJs":true,"allowSyntheticDefaultImports":true,"allowNonTsExtensions":true,"noEmitForJsFiles":true,"maxNodeModuleJsDepth":2},"typeAcquisition":{"enable":true,"include":[],"exclude":[]},"unresolvedImports":["deprecated-react-native-prop-types","invariant","object-assign","react","react-native","use-subscription"],"projectRootPath":"/Users/rubber/Documents/project-aseop/aesop-project","kind":"discover"}
[12:15:11.627] Explicitly included types: []
[12:15:11.628] Typing names in '/Users/rubber/Documents/project-aseop/aesop-project/package.json' dependencies: ["expo","expo-splash-screen","expo-status-bar","react","react-dom","react-native","react-native-web","@babel/core"]
[12:15:11.628] Searching for typing names in /Users/rubber/Documents/project-aseop/aesop-project/node_modules; all files: ["/Users/rubber/Documents/project-aseop/aesop-project/node_modules/expo/package.json","/Users/rubber/Documents/project-aseop/aesop-project/node_modules/expo-splash-screen/package.json","/Users/rubber/Documents/project-aseop/aesop-project/node_modules/expo-status-bar/package.json","/Users/rubber/Documents/project-aseop/aesop-project/node_modules/react/package.json","/Users/rubber/Documents/project-aseop/aesop-project/node_modules/react-dom/package.json","/Users/rubber/Documents/project-aseop/aesop-project/node_modules/react-native/package.json","/Users/rubber/Documents/project-aseop/aesop-project/node_modules/react-native-web/package.json","/Users/rubber/Documents/project-aseop/aesop-project/node_modules/@babel/core/package.json"]
[12:15:11.629]     Package 'expo' provides its own types.
[12:15:11.629]     Package 'expo-splash-screen' provides its own types.
[12:15:11.630]     Package 'expo-status-bar' provides its own types.
[12:15:11.633]     Found package names: ["react","react-dom","react-native","react-native-web","@babel/core"]
[12:15:11.633] Inferred typings from unresolved imports: ["deprecated-react-native-prop-types","invariant","object-assign","react","react-native","use-subscription"]
[12:15:11.633] Result: {"cachedTypingPaths":["/Users/rubber/Documents/project-aseop/aesop-project/node_modules/expo/build/Expo.d.ts","/Users/rubber/Documents/project-aseop/aesop-project/node_modules/expo-splash-screen/build/index.d.ts","/Users/rubber/Documents/project-aseop/aesop-project/node_modules/expo-status-bar/build/StatusBar.d.ts"],"newTypingNames":["react","react-dom","react-native","react-native-web","@babel/core","deprecated-react-native-prop-types","invariant","object-assign","use-subscription"],"filesToWatch":["/Users/rubber/Documents/project-aseop/aesop-project/bower_components","/Users/rubber/Documents/project-aseop/aesop-project/package.json","/Users/rubber/Documents/project-aseop/aesop-project/node_modules"]}
[12:15:11.633] Finished typings discovery: {"cachedTypingPaths":["/Users/rubber/Documents/project-aseop/aesop-project/node_modules/expo/build/Expo.d.ts","/Users/rubber/Documents/project-aseop/aesop-project/node_modules/expo-splash-screen/build/index.d.ts","/Users/rubber/Documents/project-aseop/aesop-project/node_modules/expo-status-bar/build/StatusBar.d.ts"],"newTypingNames":["react","react-dom","react-native","react-native-web","@babel/core","deprecated-react-native-prop-types","invariant","object-assign","use-subscription"],"filesToWatch":["/Users/rubber/Documents/project-aseop/aesop-project/bower_components","/Users/rubber/Documents/project-aseop/aesop-project/package.json","/Users/rubber/Documents/project-aseop/aesop-project/node_modules"]}
[12:15:11.633] Installing typings ["react","react-dom","react-native","react-native-web","@babel/core","deprecated-react-native-prop-types","invariant","object-assign","use-subscription"]
[12:15:11.633] 'react':: Entry for package 'react' does not exist in local types registry - skipping...
[12:15:11.633] 'react-dom':: Entry for package 'react-dom' does not exist in local types registry - skipping...
[12:15:11.633] 'react-native':: Entry for package 'react-native' does not exist in local types registry - skipping...
[12:15:11.633] 'react-native-web':: Entry for package 'react-native-web' does not exist in local types registry - skipping...
[12:15:11.633] '@babel/core':: Entry for package 'babel__core' does not exist in local types registry - skipping...
[12:15:11.633] 'deprecated-react-native-prop-types':: Entry for package 'deprecated-react-native-prop-types' does not exist in local types registry - skipping...
[12:15:11.633] 'invariant':: Entry for package 'invariant' does not exist in local types registry - skipping...
[12:15:11.633] 'object-assign':: Entry for package 'object-assign' does not exist in local types registry - skipping...
[12:15:11.633] 'use-subscription':: Entry for package 'use-subscription' does not exist in local types registry - skipping...
[12:15:11.633] All typings are known to be missing or invalid - no need to install more typings
[12:15:11.633] Sending response:
    {"projectName":"/dev/null/inferredProject1*","typeAcquisition":{"enable":true,"include":[],"exclude":[]},"compilerOptions":{"module":1,"target":3,"jsx":1,"allowJs":true,"allowSyntheticDefaultImports":true,"allowNonTsExtensions":true,"noEmitForJsFiles":true,"maxNodeModuleJsDepth":2},"typings":["/Users/rubber/Documents/project-aseop/aesop-project/node_modules/expo/build/Expo.d.ts","/Users/rubber/Documents/project-aseop/aesop-project/node_modules/expo-splash-screen/build/index.d.ts","/Users/rubber/Documents/project-aseop/aesop-project/node_modules/expo-status-bar/build/StatusBar.d.ts"],"unresolvedImports":["deprecated-react-native-prop-types","invariant","object-assign","react","react-native","use-subscription"],"kind":"action::set"}
[12:15:11.633] Response has been sent.
[12:15:35.555] Got install request {"projectName":"/dev/null/inferredProject1*","fileNames":["/opt/homebrew/lib/node_modules/typescript/lib/lib.es5.d.ts","/opt/homebrew/lib/node_modules/typescript/lib/lib.es2015.d.ts","/opt/homebrew/lib/node_modules/typescript/lib/lib.es2016.d.ts","/opt/homebrew/lib/node_modules/typescript/lib/lib.dom.d.ts","/opt/homebrew/lib/node_modules/typescript/lib/lib.dom.iterable.d.ts","/opt/homebrew/lib/node_modules/typescript/lib/lib.webworker.importscripts.d.ts","/opt/homebrew/lib/node_modules/typescript/lib/lib.scripthost.d.ts","/opt/homebrew/lib/node_modules/typescript/lib/lib.es2015.core.d.ts","/opt/homebrew/lib/node_modules/typescript/lib/lib.es2015.collection.d.ts","/opt/homebrew/lib/node_modules/typescript/lib/lib.es2015.generator.d.ts","/opt/homebrew/lib/node_modules/typescript/lib/lib.es2015.iterable.d.ts","/opt/homebrew/lib/node_modules/typescript/lib/lib.es2015.promise.d.ts","/opt/homebrew/lib/node_modules/typescript/lib/lib.es2015.proxy.d.ts","/opt/homebrew/lib/node_modules/typescript/lib/lib.es2015.reflect.d.ts","/opt/homebrew/lib/node_modules/typescript/lib/lib.es2015.symbol.d.ts","/opt/homebrew/lib/node_modules/typescript/lib/lib.es2015.symbol.wellknown.d.ts","/opt/homebrew/lib/node_modules/typescript/lib/lib.es2016.array.include.d.ts","/opt/homebrew/lib/node_modules/typescript/lib/lib.es2016.full.d.ts","/Users/rubber/Documents/project-aseop/aesop-project/node_modules/expo-status-bar/build/StatusBar.d.ts","/Users/rubber/Documents/project-aseop/aesop-project/App.js","/Users/rubber/Documents/project-aseop/aesop-project/node_modules/expo-splash-screen/build/index.d.ts","/Users/rubber/Documents/project-aseop/aesop-project/node_modules/expo/build/Expo.d.ts"],"compilerOptions":{"module":1,"target":3,"jsx":1,"allowJs":true,"allowSyntheticDefaultImports":true,"allowNonTsExtensions":true,"noEmitForJsFiles":true,"maxNodeModuleJsDepth":2},"typeAcquisition":{"enable":true,"include":[],"exclude":[]},"unresolvedImports":["deprecated-react-native-prop-types","invariant","object-assign","react","react-native","use-subscription"],"projectRootPath":"/Users/rubber/Documents/project-aseop/aesop-project","kind":"discover"}
[12:15:35.556] Explicitly included types: []
[12:15:35.557] Typing names in '/Users/rubber/Documents/project-aseop/aesop-project/package.json' dependencies: ["expo","expo-splash-screen","expo-status-bar","react","react-dom","react-native","react-native-web","@babel/core"]
[12:15:35.557] Searching for typing names in /Users/rubber/Documents/project-aseop/aesop-project/node_modules; all files: ["/Users/rubber/Documents/project-aseop/aesop-project/node_modules/expo/package.json","/Users/rubber/Documents/project-aseop/aesop-project/node_modules/expo-splash-screen/package.json","/Users/rubber/Documents/project-aseop/aesop-project/node_modules/expo-status-bar/package.json","/Users/rubber/Documents/project-aseop/aesop-project/node_modules/react/package.json","/Users/rubber/Documents/project-aseop/aesop-project/node_modules/react-dom/package.json","/Users/rubber/Documents/project-aseop/aesop-project/node_modules/react-native/package.json","/Users/rubber/Documents/project-aseop/aesop-project/node_modules/react-native-web/package.json","/Users/rubber/Documents/project-aseop/aesop-project/node_modules/@babel/core/package.json"]
[12:15:35.558]     Package 'expo' provides its own types.
[12:15:35.558]     Package 'expo-splash-screen' provides its own types.
[12:15:35.559]     Package 'expo-status-bar' provides its own types.
[12:15:35.561]     Found package names: ["react","react-dom","react-native","react-native-web","@babel/core"]
[12:15:35.561] Inferred typings from unresolved imports: ["deprecated-react-native-prop-types","invariant","object-assign","react","react-native","use-subscription"]
[12:15:35.561] Result: {"cachedTypingPaths":["/Users/rubber/Documents/project-aseop/aesop-project/node_modules/expo/build/Expo.d.ts","/Users/rubber/Documents/project-aseop/aesop-project/node_modules/expo-splash-screen/build/index.d.ts","/Users/rubber/Documents/project-aseop/aesop-project/node_modules/expo-status-bar/build/StatusBar.d.ts"],"newTypingNames":["react","react-dom","react-native","react-native-web","@babel/core","deprecated-react-native-prop-types","invariant","object-assign","use-subscription"],"filesToWatch":["/Users/rubber/Documents/project-aseop/aesop-project/bower_components","/Users/rubber/Documents/project-aseop/aesop-project/package.json","/Users/rubber/Documents/project-aseop/aesop-project/node_modules"]}
[12:15:35.561] Finished typings discovery: {"cachedTypingPaths":["/Users/rubber/Documents/project-aseop/aesop-project/node_modules/expo/build/Expo.d.ts","/Users/rubber/Documents/project-aseop/aesop-project/node_modules/expo-splash-screen/build/index.d.ts","/Users/rubber/Documents/project-aseop/aesop-project/node_modules/expo-status-bar/build/StatusBar.d.ts"],"newTypingNames":["react","react-dom","react-native","react-native-web","@babel/core","deprecated-react-native-prop-types","invariant","object-assign","use-subscription"],"filesToWatch":["/Users/rubber/Documents/project-aseop/aesop-project/bower_components","/Users/rubber/Documents/project-aseop/aesop-project/package.json","/Users/rubber/Documents/project-aseop/aesop-project/node_modules"]}
[12:15:35.562] Installing typings ["react","react-dom","react-native","react-native-web","@babel/core","deprecated-react-native-prop-types","invariant","object-assign","use-subscription"]
[12:15:35.562] 'react':: Entry for package 'react' does not exist in local types registry - skipping...
[12:15:35.562] 'react-dom':: Entry for package 'react-dom' does not exist in local types registry - skipping...
[12:15:35.562] 'react-native':: Entry for package 'react-native' does not exist in local types registry - skipping...
[12:15:35.562] 'react-native-web':: Entry for package 'react-native-web' does not exist in local types registry - skipping...
[12:15:35.562] '@babel/core':: Entry for package 'babel__core' does not exist in local types registry - skipping...
[12:15:35.562] 'deprecated-react-native-prop-types':: Entry for package 'deprecated-react-native-prop-types' does not exist in local types registry - skipping...
[12:15:35.562] 'invariant':: Entry for package 'invariant' does not exist in local types registry - skipping...
[12:15:35.562] 'object-assign':: Entry for package 'object-assign' does not exist in local types registry - skipping...
[12:15:35.562] 'use-subscription':: Entry for package 'use-subscription' does not exist in local types registry - skipping...
[12:15:35.562] All typings are known to be missing or invalid - no need to install more typings
[12:15:35.562] Sending response:
    {"projectName":"/dev/null/inferredProject1*","typeAcquisition":{"enable":true,"include":[],"exclude":[]},"compilerOptions":{"module":1,"target":3,"jsx":1,"allowJs":true,"allowSyntheticDefaultImports":true,"allowNonTsExtensions":true,"noEmitForJsFiles":true,"maxNodeModuleJsDepth":2},"typings":["/Users/rubber/Documents/project-aseop/aesop-project/node_modules/expo/build/Expo.d.ts","/Users/rubber/Documents/project-aseop/aesop-project/node_modules/expo-splash-screen/build/index.d.ts","/Users/rubber/Documents/project-aseop/aesop-project/node_modules/expo-status-bar/build/StatusBar.d.ts"],"unresolvedImports":["deprecated-react-native-prop-types","invariant","object-assign","react","react-native","use-subscription"],"kind":"action::set"}
[12:15:35.562] Response has been sent.
[12:15:38.973] Got install request {"projectName":"/dev/null/inferredProject1*","fileNames":["/opt/homebrew/lib/node_modules/typescript/lib/lib.es5.d.ts","/opt/homebrew/lib/node_modules/typescript/lib/lib.es2015.d.ts","/opt/homebrew/lib/node_modules/typescript/lib/lib.es2016.d.ts","/opt/homebrew/lib/node_modules/typescript/lib/lib.dom.d.ts","/opt/homebrew/lib/node_modules/typescript/lib/lib.dom.iterable.d.ts","/opt/homebrew/lib/node_modules/typescript/lib/lib.webworker.importscripts.d.ts","/opt/homebrew/lib/node_modules/typescript/lib/lib.scripthost.d.ts","/opt/homebrew/lib/node_modules/typescript/lib/lib.es2015.core.d.ts","/opt/homebrew/lib/node_modules/typescript/lib/lib.es2015.collection.d.ts","/opt/homebrew/lib/node_modules/typescript/lib/lib.es2015.generator.d.ts","/opt/homebrew/lib/node_modules/typescript/lib/lib.es2015.iterable.d.ts","/opt/homebrew/lib/node_modules/typescript/lib/lib.es2015.promise.d.ts","/opt/homebrew/lib/node_modules/typescript/lib/lib.es2015.proxy.d.ts","/opt/homebrew/lib/node_modules/typescript/lib/lib.es2015.reflect.d.ts","/opt/homebrew/lib/node_modules/typescript/lib/lib.es2015.symbol.d.ts","/opt/homebrew/lib/node_modules/typescript/lib/lib.es2015.symbol.wellknown.d.ts","/opt/homebrew/lib/node_modules/typescript/lib/lib.es2016.array.include.d.ts","/opt/homebrew/lib/node_modules/typescript/lib/lib.es2016.full.d.ts","/Users/rubber/Documents/project-aseop/aesop-project/node_modules/expo-status-bar/build/StatusBar.d.ts","/Users/rubber/Documents/project-aseop/aesop-project/App.js","/Users/rubber/Documents/project-aseop/aesop-project/node_modules/expo-splash-screen/build/index.d.ts","/Users/rubber/Documents/project-aseop/aesop-project/node_modules/expo/build/Expo.d.ts"],"compilerOptions":{"module":1,"target":3,"jsx":1,"allowJs":true,"allowSyntheticDefaultImports":true,"allowNonTsExtensions":true,"noEmitForJsFiles":true,"maxNodeModuleJsDepth":2},"typeAcquisition":{"enable":true,"include":[],"exclude":[]},"projectRootPath":"/Users/rubber/Documents/project-aseop/aesop-project","kind":"discover"}
[12:15:38.973] Explicitly included types: []
[12:15:38.973] Typing names in '/Users/rubber/Documents/project-aseop/aesop-project/package.json' dependencies: ["expo","expo-splash-screen","expo-status-bar","react","react-dom","react-native","react-native-web","@babel/core"]
[12:15:38.973] Searching for typing names in /Users/rubber/Documents/project-aseop/aesop-project/node_modules; all files: ["/Users/rubber/Documents/project-aseop/aesop-project/node_modules/expo/package.json","/Users/rubber/Documents/project-aseop/aesop-project/node_modules/expo-splash-screen/package.json","/Users/rubber/Documents/project-aseop/aesop-project/node_modules/expo-status-bar/package.json","/Users/rubber/Documents/project-aseop/aesop-project/node_modules/react/package.json","/Users/rubber/Documents/project-aseop/aesop-project/node_modules/react-dom/package.json","/Users/rubber/Documents/project-aseop/aesop-project/node_modules/react-native/package.json","/Users/rubber/Documents/project-aseop/aesop-project/node_modules/react-native-web/package.json","/Users/rubber/Documents/project-aseop/aesop-project/node_modules/@babel/core/package.json"]
[12:15:38.974]     Package 'expo' provides its own types.
[12:15:38.974]     Package 'expo-splash-screen' provides its own types.
[12:15:38.974]     Package 'expo-status-bar' provides its own types.
[12:15:38.975]     Found package names: ["react","react-dom","react-native","react-native-web","@babel/core"]
[12:15:38.975] Result: {"cachedTypingPaths":["/Users/rubber/Documents/project-aseop/aesop-project/node_modules/expo/build/Expo.d.ts","/Users/rubber/Documents/project-aseop/aesop-project/node_modules/expo-splash-screen/build/index.d.ts","/Users/rubber/Documents/project-aseop/aesop-project/node_modules/expo-status-bar/build/StatusBar.d.ts"],"newTypingNames":["react","react-dom","react-native","react-native-web","@babel/core"],"filesToWatch":["/Users/rubber/Documents/project-aseop/aesop-project/bower_components","/Users/rubber/Documents/project-aseop/aesop-project/package.json","/Users/rubber/Documents/project-aseop/aesop-project/node_modules"]}
[12:15:38.975] Finished typings discovery: {"cachedTypingPaths":["/Users/rubber/Documents/project-aseop/aesop-project/node_modules/expo/build/Expo.d.ts","/Users/rubber/Documents/project-aseop/aesop-project/node_modules/expo-splash-screen/build/index.d.ts","/Users/rubber/Documents/project-aseop/aesop-project/node_modules/expo-status-bar/build/StatusBar.d.ts"],"newTypingNames":["react","react-dom","react-native","react-native-web","@babel/core"],"filesToWatch":["/Users/rubber/Documents/project-aseop/aesop-project/bower_components","/Users/rubber/Documents/project-aseop/aesop-project/package.json","/Users/rubber/Documents/project-aseop/aesop-project/node_modules"]}
[12:15:38.975] Installing typings ["react","react-dom","react-native","react-native-web","@babel/core"]
[12:15:38.976] 'react':: Entry for package 'react' does not exist in local types registry - skipping...
[12:15:38.976] 'react-dom':: Entry for package 'react-dom' does not exist in local types registry - skipping...
[12:15:38.976] 'react-native':: Entry for package 'react-native' does not exist in local types registry - skipping...
[12:15:38.976] 'react-native-web':: Entry for package 'react-native-web' does not exist in local types registry - skipping...
[12:15:38.976] '@babel/core':: Entry for package 'babel__core' does not exist in local types registry - skipping...
[12:15:38.976] All typings are known to be missing or invalid - no need to install more typings
[12:15:38.976] Sending response:
    {"projectName":"/dev/null/inferredProject1*","typeAcquisition":{"enable":true,"include":[],"exclude":[]},"compilerOptions":{"module":1,"target":3,"jsx":1,"allowJs":true,"allowSyntheticDefaultImports":true,"allowNonTsExtensions":true,"noEmitForJsFiles":true,"maxNodeModuleJsDepth":2},"typings":["/Users/rubber/Documents/project-aseop/aesop-project/node_modules/expo/build/Expo.d.ts","/Users/rubber/Documents/project-aseop/aesop-project/node_modules/expo-splash-screen/build/index.d.ts","/Users/rubber/Documents/project-aseop/aesop-project/node_modules/expo-status-bar/build/StatusBar.d.ts"],"kind":"action::set"}
[12:15:38.976] Response has been sent.
[12:15:40.329] Got install request {"projectName":"/dev/null/inferredProject1*","fileNames":["/opt/homebrew/lib/node_modules/typescript/lib/lib.es5.d.ts","/opt/homebrew/lib/node_modules/typescript/lib/lib.es2015.d.ts","/opt/homebrew/lib/node_modules/typescript/lib/lib.es2016.d.ts","/opt/homebrew/lib/node_modules/typescript/lib/lib.dom.d.ts","/opt/homebrew/lib/node_modules/typescript/lib/lib.dom.iterable.d.ts","/opt/homebrew/lib/node_modules/typescript/lib/lib.webworker.importscripts.d.ts","/opt/homebrew/lib/node_modules/typescript/lib/lib.scripthost.d.ts","/opt/homebrew/lib/node_modules/typescript/lib/lib.es2015.core.d.ts","/opt/homebrew/lib/node_modules/typescript/lib/lib.es2015.collection.d.ts","/opt/homebrew/lib/node_modules/typescript/lib/lib.es2015.generator.d.ts","/opt/homebrew/lib/node_modules/typescript/lib/lib.es2015.iterable.d.ts","/opt/homebrew/lib/node_modules/typescript/lib/lib.es2015.promise.d.ts","/opt/homebrew/lib/node_modules/typescript/lib/lib.es2015.proxy.d.ts","/opt/homebrew/lib/node_modules/typescript/lib/lib.es2015.reflect.d.ts","/opt/homebrew/lib/node_modules/typescript/lib/lib.es2015.symbol.d.ts","/opt/homebrew/lib/node_modules/typescript/lib/lib.es2015.symbol.wellknown.d.ts","/opt/homebrew/lib/node_modules/typescript/lib/lib.es2016.array.include.d.ts","/opt/homebrew/lib/node_modules/typescript/lib/lib.es2016.full.d.ts","/Users/rubber/Documents/project-aseop/aesop-project/node_modules/expo-status-bar/build/StatusBar.d.ts","/Users/rubber/Documents/project-aseop/aesop-project/App.js","/Users/rubber/Documents/project-aseop/aesop-project/node_modules/expo-splash-screen/build/index.d.ts","/Users/rubber/Documents/project-aseop/aesop-project/node_modules/expo/build/Expo.d.ts"],"compilerOptions":{"module":1,"target":3,"jsx":1,"allowJs":true,"allowSyntheticDefaultImports":true,"allowNonTsExtensions":true,"noEmitForJsFiles":true,"maxNodeModuleJsDepth":2},"typeAcquisition":{"enable":true,"include":[],"exclude":[]},"unresolvedImports":["deprecated-react-native-prop-types","invariant","object-assign","react","react-native","use-subscription"],"projectRootPath":"/Users/rubber/Documents/project-aseop/aesop-project","kind":"discover"}
[12:15:40.329] Explicitly included types: []
[12:15:40.330] Typing names in '/Users/rubber/Documents/project-aseop/aesop-project/package.json' dependencies: ["expo","expo-splash-screen","expo-status-bar","react","react-dom","react-native","react-native-web","@babel/core"]
[12:15:40.330] Searching for typing names in /Users/rubber/Documents/project-aseop/aesop-project/node_modules; all files: ["/Users/rubber/Documents/project-aseop/aesop-project/node_modules/expo/package.json","/Users/rubber/Documents/project-aseop/aesop-project/node_modules/expo-splash-screen/package.json","/Users/rubber/Documents/project-aseop/aesop-project/node_modules/expo-status-bar/package.json","/Users/rubber/Documents/project-aseop/aesop-project/node_modules/react/package.json","/Users/rubber/Documents/project-aseop/aesop-project/node_modules/react-dom/package.json","/Users/rubber/Documents/project-aseop/aesop-project/node_modules/react-native/package.json","/Users/rubber/Documents/project-aseop/aesop-project/node_modules/react-native-web/package.json","/Users/rubber/Documents/project-aseop/aesop-project/node_modules/@babel/core/package.json"]
[12:15:40.330]     Package 'expo' provides its own types.
[12:15:40.330]     Package 'expo-splash-screen' provides its own types.
[12:15:40.331]     Package 'expo-status-bar' provides its own types.
[12:15:40.332]     Found package names: ["react","react-dom","react-native","react-native-web","@babel/core"]
[12:15:40.332] Inferred typings from unresolved imports: ["deprecated-react-native-prop-types","invariant","object-assign","react","react-native","use-subscription"]
[12:15:40.332] Result: {"cachedTypingPaths":["/Users/rubber/Documents/project-aseop/aesop-project/node_modules/expo/build/Expo.d.ts","/Users/rubber/Documents/project-aseop/aesop-project/node_modules/expo-splash-screen/build/index.d.ts","/Users/rubber/Documents/project-aseop/aesop-project/node_modules/expo-status-bar/build/StatusBar.d.ts"],"newTypingNames":["react","react-dom","react-native","react-native-web","@babel/core","deprecated-react-native-prop-types","invariant","object-assign","use-subscription"],"filesToWatch":["/Users/rubber/Documents/project-aseop/aesop-project/bower_components","/Users/rubber/Documents/project-aseop/aesop-project/package.json","/Users/rubber/Documents/project-aseop/aesop-project/node_modules"]}
[12:15:40.332] Finished typings discovery: {"cachedTypingPaths":["/Users/rubber/Documents/project-aseop/aesop-project/node_modules/expo/build/Expo.d.ts","/Users/rubber/Documents/project-aseop/aesop-project/node_modules/expo-splash-screen/build/index.d.ts","/Users/rubber/Documents/project-aseop/aesop-project/node_modules/expo-status-bar/build/StatusBar.d.ts"],"newTypingNames":["react","react-dom","react-native","react-native-web","@babel/core","deprecated-react-native-prop-types","invariant","object-assign","use-subscription"],"filesToWatch":["/Users/rubber/Documents/project-aseop/aesop-project/bower_components","/Users/rubber/Documents/project-aseop/aesop-project/package.json","/Users/rubber/Documents/project-aseop/aesop-project/node_modules"]}
[12:15:40.332] Installing typings ["react","react-dom","react-native","react-native-web","@babel/core","deprecated-react-native-prop-types","invariant","object-assign","use-subscription"]
[12:15:40.332] 'react':: Entry for package 'react' does not exist in local types registry - skipping...
[12:15:40.332] 'react-dom':: Entry for package 'react-dom' does not exist in local types registry - skipping...
[12:15:40.332] 'react-native':: Entry for package 'react-native' does not exist in local types registry - skipping...
[12:15:40.332] 'react-native-web':: Entry for package 'react-native-web' does not exist in local types registry - skipping...
[12:15:40.333] '@babel/core':: Entry for package 'babel__core' does not exist in local types registry - skipping...
[12:15:40.333] 'deprecated-react-native-prop-types':: Entry for package 'deprecated-react-native-prop-types' does not exist in local types registry - skipping...
[12:15:40.333] 'invariant':: Entry for package 'invariant' does not exist in local types registry - skipping...
[12:15:40.333] 'object-assign':: Entry for package 'object-assign' does not exist in local types registry - skipping...
[12:15:40.333] 'use-subscription':: Entry for package 'use-subscription' does not exist in local types registry - skipping...
[12:15:40.333] All typings are known to be missing or invalid - no need to install more typings
[12:15:40.333] Sending response:
    {"projectName":"/dev/null/inferredProject1*","typeAcquisition":{"enable":true,"include":[],"exclude":[]},"compilerOptions":{"module":1,"target":3,"jsx":1,"allowJs":true,"allowSyntheticDefaultImports":true,"allowNonTsExtensions":true,"noEmitForJsFiles":true,"maxNodeModuleJsDepth":2},"typings":["/Users/rubber/Documents/project-aseop/aesop-project/node_modules/expo/build/Expo.d.ts","/Users/rubber/Documents/project-aseop/aesop-project/node_modules/expo-splash-screen/build/index.d.ts","/Users/rubber/Documents/project-aseop/aesop-project/node_modules/expo-status-bar/build/StatusBar.d.ts"],"unresolvedImports":["deprecated-react-native-prop-types","invariant","object-assign","react","react-native","use-subscription"],"kind":"action::set"}
[12:15:40.333] Response has been sent.
